Arguments: 
  D:\Program Files\nodejs\node.exe C:\Users\chengyao.xie.WELLAV\AppData\Roaming\npm\node_modules\yarn\bin\yarn.js install

PATH: 
  C:\Windows\system32;C:\Windows;C:\Windows\System32\Wbem;C:\Windows\System32\WindowsPowerShell\v1.0\;D:\Program Files\nodejs\;D:\Program Files\TortoiseSVN\bin;d:\Program Files\MATLAB\R2016b\runtime\win64;d:\Program Files\MATLAB\R2016b\bin;d:\Program Files\MATLAB\R2016b\polyspace\bin;d:\Program Files\Git\cmd;D:\Program Files\python;C:\Users\chengyao.xie.WELLAV\AppData\Roaming\npm

Yarn version: 
  1.6.0

Node version: 
  8.7.0

Platform: 
  win32 x64

Trace: 
  Error: connect ETIMEDOUT 151.101.72.133:443
      at Object._errnoException (util.js:1021:11)
      at _exceptionWithHostPort (util.js:1043:20)
      at TCPConnectWrap.afterConnect [as oncomplete] (net.js:1175:14)

npm manifest: 
  {
    "name": "nb200",
    "version": "1.0.0",
    "main": "index.js",
    "license": "MIT",
    "scripts": {
      "dll": "webpack --config webpack.dll.config.js --mode production",
      "start": "webpack-dev-server --mode development",
      "build": "webpack --mode production"
    },
    "dependencies": {
      "bootstrap": "4.0.0",
      "jquery": "3.3.1",
      "layui-layer": "1.0.9",
      "popper.js": "1.12.9",
      "react": "16.2.0",
      "react-dom": "16.2.0",
      "react-router-dom": "4.2.2",
      "underscore": "1.8.3"
    },
    "devDependencies": {
      "babel-core": "^6.26.0",
      "babel-loader": "^7.1.3",
      "babel-preset-env": "^1.6.1",
      "babel-preset-react": "^6.24.1",
      "babel-preset-stage-1": "^6.24.1",
      "clean-webpack-plugin": "^0.1.18",
      "copy-webpack-plugin": "^4.5.0",
      "css-loader": "^0.28.10",
      "file-loader": "^1.1.11",
      "html-webpack-plugin": "^3.0.4",
      "node-sass": "^4.7.2",
      "path": "^0.12.7",
      "sass-loader": "^6.0.7",
      "style-loader": "^0.20.2",
      "url-loader": "^1.0.1",
      "webpack": "4.1.0",
      "webpack-cli": "2.0.10",
      "webpack-dev-server": "3.1.0"
    }
  }

yarn manifest: 
  No manifest

Lockfile: 
  No lockfile
